# --------------------------------------------------- // System
# downgrade                                            # downgrade packages
# trash-cli-git                                        # cli to manage trash files
# libinput-gestures                                    # actions touchpad gestures using libinput
# gestures                                             # gui for libinput-gestures

# --------------------------------------------------- // Dependencies
xdg-desktop-portal-gtk                                 # xdg desktop portal using gtk
# emote                                                # emoji picker gtk3

# --------------------------------------------------- // Gaming
steam                                                  # gaming platform
gamemode                                               # daemon and library for game optimisations
mangohud                                               # system performance overlay
# gamescope                                            # micro-compositor for gaming

# --------------------------------------------------- // Music
cava                                                   # audio visualizer
spotify                                                # proprietary music streaming service
spicetify-cli                                          # cli to customize spotify client

# --------------------------------------------------- // Apps
# neovim                                               # vim based text editor
docker-desktop
qbittorrent-git
postman-bin
microsoft-edge-stable-bin
gnome-keyring
visual-studio-code-bin
nodejs
yarn
npm
pnpm
jdk-openjdk
obs-studio
libreoffice-fresh
remmina
firefox-developer-edition
openssh
ventoy
speech-dispatcher
update-grub
os-prober
docker-compose
